<?xml version="1.0" encoding="UTF-8"?>
<!-- Generated by org.testng.reporters.JUnitXMLReporter -->
<testsuite hostname="LAPTOP-PDSUHO03" ignored="0" name="Default test" tests="5" failures="0" timestamp="2020-08-09T01:36:08 PDT" time="120.435" errors="0">
  <testcase name="EnterDetails" time="17.365" classname="test.BibleTest"/>
  <testcase name="EnterDetails2" time="6.027" classname="test.BibleTest2"/>
  <testcase name="EnterDetails3" time="16.594" classname="test.BibleTest3"/>
  <testcase name="EnterDetails4" time="36.291" classname="test.BibleTest4"/>
  <testcase name="EnterDetails5" time="14.419" classname="test.BibleTest5"/>
</testsuite> <!-- Default test -->
